2012-12-12T14:02:12-05:00 ERR (3): error
2012-12-12T14:02:12-05:00 ERR (3): error
2012-12-12T14:02:12-05:00 ERR (3): error
2012-12-12T14:02:12-05:00 ERR (3): error
2012-12-12T14:02:12-05:00 ERR (3): error
2012-12-12T14:02:12-05:00 ERR (3): error
2012-12-12T14:02:12-05:00 ERR (3): error
2012-12-12T14:02:12-05:00 ERR (3): error
2012-12-12T14:02:12-05:00 ERR (3): error
2012-12-12T14:02:12-05:00 ERR (3): error
2013-05-07T23:56:36-05:00 ERR (3): exception 'Zend_Mail_Protocol_Exception' with message '5.7.8 Username and Password not accepted. Learn more at
 5.7.8 http://support.google.com/mail/bin/answer.py?answer=14257
 5.7.8 {BADCREDENTIALS} g24sm60919701yhm.0 - gsmtp
' in C:\Winginx\home\wta\source\library\Zend\Mail\Protocol\Abstract.php:431
Stack trace:
#0 C:\Winginx\home\wta\source\library\Zend\Mail\Protocol\Smtp\Auth\Login.php(95): Zend_Mail_Protocol_Abstract->_expect(235)
#1 C:\Winginx\home\wta\source\library\Zend\Mail\Protocol\Smtp.php(217): Zend_Mail_Protocol_Smtp_Auth_Login->auth()
#2 C:\Winginx\home\wta\source\library\Zend\Mail\Transport\Smtp.php(200): Zend_Mail_Protocol_Smtp->helo('localhost')
#3 C:\Winginx\home\wta\source\library\Zend\Mail\Transport\Abstract.php(348): Zend_Mail_Transport_Smtp->_sendMail()
#4 C:\Winginx\home\wta\source\library\Zend\Mail.php(1194): Zend_Mail_Transport_Abstract->send(Object(Zend_Mail))
#5 C:\Winginx\home\wta\source\library\Core\Mail.php(76): Zend_Mail->send(Object(Zend_Mail_Transport_Smtp))
#6 C:\Winginx\home\wta\source\application\entitys\Transaction.php(494): Core_Mail->send()
#7 C:\Winginx\home\wta\source\application\entitys\Transaction.php(450): Application_Entity_Transaction->sendPurchaseConfirmMail('C:\Winginx\home...')
#8 C:\Winginx\home\wta\source\application\modules\special\controllers\OrderController.php(163): Application_Entity_Transaction->sendToPaymentGateway(Array)
#9 C:\Winginx\home\wta\source\library\Zend\Controller\Action.php(516): Special_OrderController->createAction()
#10 C:\Winginx\home\wta\source\library\Zend\Controller\Dispatcher\Standard.php(308): Zend_Controller_Action->dispatch('createAction')
#11 C:\Winginx\home\wta\source\library\Zend\Controller\Front.php(954): Zend_Controller_Dispatcher_Standard->dispatch(Object(Zend_Controller_Request_Http), Object(Zend_Controller_Response_Http))
#12 C:\Winginx\home\wta\source\library\Zend\Application\Bootstrap\Bootstrap.php(97): Zend_Controller_Front->dispatch()
#13 C:\Winginx\home\wta\source\library\Zend\Application.php(366): Zend_Application_Bootstrap_Bootstrap->run()
#14 C:\Winginx\home\wta\source\public\index.php(38): Zend_Application->run()
#15 {main}
2013-05-08T11:57:54-05:00 ERR (3): exception 'Zend_Mail_Protocol_Exception' with message '5.7.8 Username and Password not accepted. Learn more at
 5.7.8 http://support.google.com/mail/bin/answer.py?answer=14257
 5.7.8 {BADCREDENTIALS} cv9sm8136525bkb.5 - gsmtp
' in C:\Winginx\home\wta\source\library\Zend\Mail\Protocol\Abstract.php:431
Stack trace:
#0 C:\Winginx\home\wta\source\library\Zend\Mail\Protocol\Smtp\Auth\Login.php(95): Zend_Mail_Protocol_Abstract->_expect(235)
#1 C:\Winginx\home\wta\source\library\Zend\Mail\Protocol\Smtp.php(217): Zend_Mail_Protocol_Smtp_Auth_Login->auth()
#2 C:\Winginx\home\wta\source\library\Zend\Mail\Transport\Smtp.php(200): Zend_Mail_Protocol_Smtp->helo('localhost')
#3 C:\Winginx\home\wta\source\library\Zend\Mail\Transport\Abstract.php(348): Zend_Mail_Transport_Smtp->_sendMail()
#4 C:\Winginx\home\wta\source\library\Zend\Mail.php(1194): Zend_Mail_Transport_Abstract->send(Object(Zend_Mail))
#5 C:\Winginx\home\wta\source\library\Core\Mail.php(76): Zend_Mail->send(Object(Zend_Mail_Transport_Smtp))
#6 C:\Winginx\home\wta\source\application\entitys\Member.php(382): Core_Mail->send()
#7 C:\Winginx\home\wta\source\application\modules\member\controllers\RecoveryAccountController.php(54): Application_Entity_Member->sendPasswordRecovery('camacho@intagon...')
#8 C:\Winginx\home\wta\source\library\Zend\Controller\Action.php(516): Member_RecoveryAccountController->recoveryAction()
#9 C:\Winginx\home\wta\source\library\Zend\Controller\Dispatcher\Standard.php(308): Zend_Controller_Action->dispatch('recoveryAction')
#10 C:\Winginx\home\wta\source\library\Zend\Controller\Front.php(954): Zend_Controller_Dispatcher_Standard->dispatch(Object(Zend_Controller_Request_Http), Object(Zend_Controller_Response_Http))
#11 C:\Winginx\home\wta\source\library\Zend\Application\Bootstrap\Bootstrap.php(97): Zend_Controller_Front->dispatch()
#12 C:\Winginx\home\wta\source\library\Zend\Application.php(366): Zend_Application_Bootstrap_Bootstrap->run()
#13 C:\Winginx\home\wta\source\public\index.php(38): Zend_Application->run()
#14 {main}
2013-06-28T13:04:26-05:00 ERR (3): exception 'Zend_Mail_Protocol_Exception' with message 'Unable to find the socket transport "ssl" - did you forget to enable it when you configured PHP?' in C:\xampp\htdocs\wta\WTA\source\library\Zend\Mail\Protocol\Abstract.php:277
Stack trace:
#0 C:\xampp\htdocs\wta\WTA\source\library\Zend\Mail\Protocol\Smtp.php(167): Zend_Mail_Protocol_Abstract->_connect('ssl://smtp.gmai...')
#1 C:\xampp\htdocs\wta\WTA\source\library\Zend\Mail\Transport\Smtp.php(199): Zend_Mail_Protocol_Smtp->connect()
#2 C:\xampp\htdocs\wta\WTA\source\library\Zend\Mail\Transport\Abstract.php(348): Zend_Mail_Transport_Smtp->_sendMail()
#3 C:\xampp\htdocs\wta\WTA\source\library\Zend\Mail.php(1194): Zend_Mail_Transport_Abstract->send(Object(Zend_Mail))
#4 C:\xampp\htdocs\wta\WTA\source\library\Core\Mail.php(77): Zend_Mail->send(Object(Zend_Mail_Transport_Smtp))
#5 C:\xampp\htdocs\wta\WTA\source\application\entitys\Transaction.php(792): Core_Mail->send()
#6 C:\xampp\htdocs\wta\WTA\source\application\entitys\Transaction.php(492): Application_Entity_Transaction->sendPurchaseConfirmMail('C:\xampp\htdocs...')
#7 C:\xampp\htdocs\wta\WTA\source\application\modules\fase2\controllers\MembershipController.php(194): Application_Entity_Transaction->sendSubscription2PG(Array)
#8 C:\xampp\htdocs\wta\WTA\source\application\modules\fase2\controllers\MembershipController.php(81): Fase2_MembershipController->createMembership(Object(Application_Entity_Transaction), Array)
#9 C:\xampp\htdocs\wta\WTA\source\library\Zend\Controller\Action.php(517): Fase2_MembershipController->createAction()
#10 C:\xampp\htdocs\wta\WTA\source\library\Zend\Controller\Dispatcher\Standard.php(308): Zend_Controller_Action->dispatch('createAction')
#11 C:\xampp\htdocs\wta\WTA\source\library\Zend\Controller\Front.php(954): Zend_Controller_Dispatcher_Standard->dispatch(Object(Zend_Controller_Request_Http), Object(Zend_Controller_Response_Http))
#12 C:\xampp\htdocs\wta\WTA\source\library\Zend\Application\Bootstrap\Bootstrap.php(97): Zend_Controller_Front->dispatch()
#13 C:\xampp\htdocs\wta\WTA\source\library\Zend\Application.php(366): Zend_Application_Bootstrap_Bootstrap->run()
#14 C:\xampp\htdocs\wta\WTA\source\public\index.php(38): Zend_Application->run()
#15 {main}
2013-06-28T13:04:34-05:00 ERR (3): exception 'Zend_Mail_Protocol_Exception' with message 'Unable to find the socket transport "ssl" - did you forget to enable it when you configured PHP?' in C:\xampp\htdocs\wta\WTA\source\library\Zend\Mail\Protocol\Abstract.php:277
Stack trace:
#0 C:\xampp\htdocs\wta\WTA\source\library\Zend\Mail\Protocol\Smtp.php(167): Zend_Mail_Protocol_Abstract->_connect('ssl://smtp.gmai...')
#1 C:\xampp\htdocs\wta\WTA\source\library\Zend\Mail\Transport\Smtp.php(199): Zend_Mail_Protocol_Smtp->connect()
#2 C:\xampp\htdocs\wta\WTA\source\library\Zend\Mail\Transport\Abstract.php(348): Zend_Mail_Transport_Smtp->_sendMail()
#3 C:\xampp\htdocs\wta\WTA\source\library\Zend\Mail.php(1194): Zend_Mail_Transport_Abstract->send(Object(Zend_Mail))
#4 C:\xampp\htdocs\wta\WTA\source\library\Core\Mail.php(77): Zend_Mail->send(Object(Zend_Mail_Transport_Smtp))
#5 C:\xampp\htdocs\wta\WTA\source\application\entitys\Transaction.php(792): Core_Mail->send()
#6 C:\xampp\htdocs\wta\WTA\source\application\entitys\Transaction.php(747): Application_Entity_Transaction->sendPurchaseConfirmMail('C:\xampp\htdocs...')
#7 C:\xampp\htdocs\wta\WTA\source\application\modules\fase2\controllers\MembershipController.php(322): Application_Entity_Transaction->sendOrder2PG(Array)
#8 C:\xampp\htdocs\wta\WTA\source\application\modules\fase2\controllers\MembershipController.php(83): Fase2_MembershipController->createOrderProducts(Object(Application_Entity_Transaction), Array)
#9 C:\xampp\htdocs\wta\WTA\source\library\Zend\Controller\Action.php(517): Fase2_MembershipController->createAction()
#10 C:\xampp\htdocs\wta\WTA\source\library\Zend\Controller\Dispatcher\Standard.php(308): Zend_Controller_Action->dispatch('createAction')
#11 C:\xampp\htdocs\wta\WTA\source\library\Zend\Controller\Front.php(954): Zend_Controller_Dispatcher_Standard->dispatch(Object(Zend_Controller_Request_Http), Object(Zend_Controller_Response_Http))
#12 C:\xampp\htdocs\wta\WTA\source\library\Zend\Application\Bootstrap\Bootstrap.php(97): Zend_Controller_Front->dispatch()
#13 C:\xampp\htdocs\wta\WTA\source\library\Zend\Application.php(366): Zend_Application_Bootstrap_Bootstrap->run()
#14 C:\xampp\htdocs\wta\WTA\source\public\index.php(38): Zend_Application->run()
#15 {main}
2013-06-28T13:07:44-05:00 ERR (3): exception 'Zend_Mail_Protocol_Exception' with message 'Unable to find the socket transport "ssl" - did you forget to enable it when you configured PHP?' in C:\xampp\htdocs\wta\WTA\source\library\Zend\Mail\Protocol\Abstract.php:277
Stack trace:
#0 C:\xampp\htdocs\wta\WTA\source\library\Zend\Mail\Protocol\Smtp.php(167): Zend_Mail_Protocol_Abstract->_connect('ssl://smtp.gmai...')
#1 C:\xampp\htdocs\wta\WTA\source\library\Zend\Mail\Transport\Smtp.php(199): Zend_Mail_Protocol_Smtp->connect()
#2 C:\xampp\htdocs\wta\WTA\source\library\Zend\Mail\Transport\Abstract.php(348): Zend_Mail_Transport_Smtp->_sendMail()
#3 C:\xampp\htdocs\wta\WTA\source\library\Zend\Mail.php(1194): Zend_Mail_Transport_Abstract->send(Object(Zend_Mail))
#4 C:\xampp\htdocs\wta\WTA\source\library\Core\Mail.php(77): Zend_Mail->send(Object(Zend_Mail_Transport_Smtp))
#5 C:\xampp\htdocs\wta\WTA\source\application\entitys\Transaction.php(792): Core_Mail->send()
#6 C:\xampp\htdocs\wta\WTA\source\application\entitys\Transaction.php(492): Application_Entity_Transaction->sendPurchaseConfirmMail('C:\xampp\htdocs...')
#7 C:\xampp\htdocs\wta\WTA\source\application\modules\fase2\controllers\MembershipController.php(194): Application_Entity_Transaction->sendSubscription2PG(Array)
#8 C:\xampp\htdocs\wta\WTA\source\application\modules\fase2\controllers\MembershipController.php(81): Fase2_MembershipController->createMembership(Object(Application_Entity_Transaction), Array)
#9 C:\xampp\htdocs\wta\WTA\source\library\Zend\Controller\Action.php(517): Fase2_MembershipController->createAction()
#10 C:\xampp\htdocs\wta\WTA\source\library\Zend\Controller\Dispatcher\Standard.php(308): Zend_Controller_Action->dispatch('createAction')
#11 C:\xampp\htdocs\wta\WTA\source\library\Zend\Controller\Front.php(954): Zend_Controller_Dispatcher_Standard->dispatch(Object(Zend_Controller_Request_Http), Object(Zend_Controller_Response_Http))
#12 C:\xampp\htdocs\wta\WTA\source\library\Zend\Application\Bootstrap\Bootstrap.php(97): Zend_Controller_Front->dispatch()
#13 C:\xampp\htdocs\wta\WTA\source\library\Zend\Application.php(366): Zend_Application_Bootstrap_Bootstrap->run()
#14 C:\xampp\htdocs\wta\WTA\source\public\index.php(38): Zend_Application->run()
#15 {main}
2013-06-28T13:09:26-05:00 ERR (3): exception 'Zend_Mail_Protocol_Exception' with message 'Unable to find the socket transport "ssl" - did you forget to enable it when you configured PHP?' in C:\xampp\htdocs\wta\WTA\source\library\Zend\Mail\Protocol\Abstract.php:277
Stack trace:
#0 C:\xampp\htdocs\wta\WTA\source\library\Zend\Mail\Protocol\Smtp.php(167): Zend_Mail_Protocol_Abstract->_connect('ssl://smtp.gmai...')
#1 C:\xampp\htdocs\wta\WTA\source\library\Zend\Mail\Transport\Smtp.php(199): Zend_Mail_Protocol_Smtp->connect()
#2 C:\xampp\htdocs\wta\WTA\source\library\Zend\Mail\Transport\Abstract.php(348): Zend_Mail_Transport_Smtp->_sendMail()
#3 C:\xampp\htdocs\wta\WTA\source\library\Zend\Mail.php(1194): Zend_Mail_Transport_Abstract->send(Object(Zend_Mail))
#4 C:\xampp\htdocs\wta\WTA\source\library\Core\Mail.php(77): Zend_Mail->send(Object(Zend_Mail_Transport_Smtp))
#5 C:\xampp\htdocs\wta\WTA\source\application\entitys\Transaction.php(792): Core_Mail->send()
#6 C:\xampp\htdocs\wta\WTA\source\application\entitys\Transaction.php(492): Application_Entity_Transaction->sendPurchaseConfirmMail('C:\xampp\htdocs...')
#7 C:\xampp\htdocs\wta\WTA\source\application\modules\fase2\controllers\MembershipController.php(194): Application_Entity_Transaction->sendSubscription2PG(Array)
#8 C:\xampp\htdocs\wta\WTA\source\application\modules\fase2\controllers\MembershipController.php(81): Fase2_MembershipController->createMembership(Object(Application_Entity_Transaction), Array)
#9 C:\xampp\htdocs\wta\WTA\source\library\Zend\Controller\Action.php(517): Fase2_MembershipController->createAction()
#10 C:\xampp\htdocs\wta\WTA\source\library\Zend\Controller\Dispatcher\Standard.php(308): Zend_Controller_Action->dispatch('createAction')
#11 C:\xampp\htdocs\wta\WTA\source\library\Zend\Controller\Front.php(954): Zend_Controller_Dispatcher_Standard->dispatch(Object(Zend_Controller_Request_Http), Object(Zend_Controller_Response_Http))
#12 C:\xampp\htdocs\wta\WTA\source\library\Zend\Application\Bootstrap\Bootstrap.php(97): Zend_Controller_Front->dispatch()
#13 C:\xampp\htdocs\wta\WTA\source\library\Zend\Application.php(366): Zend_Application_Bootstrap_Bootstrap->run()
#14 C:\xampp\htdocs\wta\WTA\source\public\index.php(38): Zend_Application->run()
#15 {main}
2013-06-28T13:16:58-05:00 ERR (3): exception 'Zend_Mail_Protocol_Exception' with message 'Unable to find the socket transport "ssl" - did you forget to enable it when you configured PHP?' in C:\xampp\htdocs\wta\WTA\source\library\Zend\Mail\Protocol\Abstract.php:277
Stack trace:
#0 C:\xampp\htdocs\wta\WTA\source\library\Zend\Mail\Protocol\Smtp.php(167): Zend_Mail_Protocol_Abstract->_connect('ssl://smtp.gmai...')
#1 C:\xampp\htdocs\wta\WTA\source\library\Zend\Mail\Transport\Smtp.php(199): Zend_Mail_Protocol_Smtp->connect()
#2 C:\xampp\htdocs\wta\WTA\source\library\Zend\Mail\Transport\Abstract.php(348): Zend_Mail_Transport_Smtp->_sendMail()
#3 C:\xampp\htdocs\wta\WTA\source\library\Zend\Mail.php(1194): Zend_Mail_Transport_Abstract->send(Object(Zend_Mail))
#4 C:\xampp\htdocs\wta\WTA\source\library\Core\Mail.php(77): Zend_Mail->send(Object(Zend_Mail_Transport_Smtp))
#5 C:\xampp\htdocs\wta\WTA\source\application\entitys\Transaction.php(792): Core_Mail->send()
#6 C:\xampp\htdocs\wta\WTA\source\application\entitys\Transaction.php(492): Application_Entity_Transaction->sendPurchaseConfirmMail('C:\xampp\htdocs...')
#7 C:\xampp\htdocs\wta\WTA\source\application\modules\fase2\controllers\MembershipController.php(194): Application_Entity_Transaction->sendSubscription2PG(Array)
#8 C:\xampp\htdocs\wta\WTA\source\application\modules\fase2\controllers\MembershipController.php(81): Fase2_MembershipController->createMembership(Object(Application_Entity_Transaction), Array)
#9 C:\xampp\htdocs\wta\WTA\source\library\Zend\Controller\Action.php(517): Fase2_MembershipController->createAction()
#10 C:\xampp\htdocs\wta\WTA\source\library\Zend\Controller\Dispatcher\Standard.php(308): Zend_Controller_Action->dispatch('createAction')
#11 C:\xampp\htdocs\wta\WTA\source\library\Zend\Controller\Front.php(954): Zend_Controller_Dispatcher_Standard->dispatch(Object(Zend_Controller_Request_Http), Object(Zend_Controller_Response_Http))
#12 C:\xampp\htdocs\wta\WTA\source\library\Zend\Application\Bootstrap\Bootstrap.php(97): Zend_Controller_Front->dispatch()
#13 C:\xampp\htdocs\wta\WTA\source\library\Zend\Application.php(366): Zend_Application_Bootstrap_Bootstrap->run()
#14 C:\xampp\htdocs\wta\WTA\source\public\index.php(38): Zend_Application->run()
#15 {main}
2013-06-28T13:32:34-05:00 ERR (3): exception 'Zend_Mail_Protocol_Exception' with message 'Unable to find the socket transport "ssl" - did you forget to enable it when you configured PHP?' in C:\xampp\htdocs\wta\WTA\source\library\Zend\Mail\Protocol\Abstract.php:277
Stack trace:
#0 C:\xampp\htdocs\wta\WTA\source\library\Zend\Mail\Protocol\Smtp.php(167): Zend_Mail_Protocol_Abstract->_connect('ssl://smtp.gmai...')
#1 C:\xampp\htdocs\wta\WTA\source\library\Zend\Mail\Transport\Smtp.php(199): Zend_Mail_Protocol_Smtp->connect()
#2 C:\xampp\htdocs\wta\WTA\source\library\Zend\Mail\Transport\Abstract.php(348): Zend_Mail_Transport_Smtp->_sendMail()
#3 C:\xampp\htdocs\wta\WTA\source\library\Zend\Mail.php(1194): Zend_Mail_Transport_Abstract->send(Object(Zend_Mail))
#4 C:\xampp\htdocs\wta\WTA\source\library\Core\Mail.php(77): Zend_Mail->send(Object(Zend_Mail_Transport_Smtp))
#5 C:\xampp\htdocs\wta\WTA\source\application\entitys\Transaction.php(792): Core_Mail->send()
#6 C:\xampp\htdocs\wta\WTA\source\application\entitys\Transaction.php(492): Application_Entity_Transaction->sendPurchaseConfirmMail('C:\xampp\htdocs...')
#7 C:\xampp\htdocs\wta\WTA\source\application\modules\fase2\controllers\MembershipController.php(194): Application_Entity_Transaction->sendSubscription2PG(Array)
#8 C:\xampp\htdocs\wta\WTA\source\application\modules\fase2\controllers\MembershipController.php(81): Fase2_MembershipController->createMembership(Object(Application_Entity_Transaction), Array)
#9 C:\xampp\htdocs\wta\WTA\source\library\Zend\Controller\Action.php(517): Fase2_MembershipController->createAction()
#10 C:\xampp\htdocs\wta\WTA\source\library\Zend\Controller\Dispatcher\Standard.php(308): Zend_Controller_Action->dispatch('createAction')
#11 C:\xampp\htdocs\wta\WTA\source\library\Zend\Controller\Front.php(954): Zend_Controller_Dispatcher_Standard->dispatch(Object(Zend_Controller_Request_Http), Object(Zend_Controller_Response_Http))
#12 C:\xampp\htdocs\wta\WTA\source\library\Zend\Application\Bootstrap\Bootstrap.php(97): Zend_Controller_Front->dispatch()
#13 C:\xampp\htdocs\wta\WTA\source\library\Zend\Application.php(366): Zend_Application_Bootstrap_Bootstrap->run()
#14 C:\xampp\htdocs\wta\WTA\source\public\index.php(38): Zend_Application->run()
#15 {main}
2013-06-28T13:37:17-05:00 ERR (3): exception 'Zend_Mail_Protocol_Exception' with message 'Unable to find the socket transport "ssl" - did you forget to enable it when you configured PHP?' in C:\xampp\htdocs\wta\WTA\source\library\Zend\Mail\Protocol\Abstract.php:277
Stack trace:
#0 C:\xampp\htdocs\wta\WTA\source\library\Zend\Mail\Protocol\Smtp.php(167): Zend_Mail_Protocol_Abstract->_connect('ssl://smtp.gmai...')
#1 C:\xampp\htdocs\wta\WTA\source\library\Zend\Mail\Transport\Smtp.php(199): Zend_Mail_Protocol_Smtp->connect()
#2 C:\xampp\htdocs\wta\WTA\source\library\Zend\Mail\Transport\Abstract.php(348): Zend_Mail_Transport_Smtp->_sendMail()
#3 C:\xampp\htdocs\wta\WTA\source\library\Zend\Mail.php(1194): Zend_Mail_Transport_Abstract->send(Object(Zend_Mail))
#4 C:\xampp\htdocs\wta\WTA\source\library\Core\Mail.php(77): Zend_Mail->send(Object(Zend_Mail_Transport_Smtp))
#5 C:\xampp\htdocs\wta\WTA\source\application\entitys\Transaction.php(792): Core_Mail->send()
#6 C:\xampp\htdocs\wta\WTA\source\application\entitys\Transaction.php(492): Application_Entity_Transaction->sendPurchaseConfirmMail('C:\xampp\htdocs...')
#7 C:\xampp\htdocs\wta\WTA\source\application\modules\fase2\controllers\MembershipController.php(194): Application_Entity_Transaction->sendSubscription2PG(Array)
#8 C:\xampp\htdocs\wta\WTA\source\application\modules\fase2\controllers\MembershipController.php(81): Fase2_MembershipController->createMembership(Object(Application_Entity_Transaction), Array)
#9 C:\xampp\htdocs\wta\WTA\source\library\Zend\Controller\Action.php(517): Fase2_MembershipController->createAction()
#10 C:\xampp\htdocs\wta\WTA\source\library\Zend\Controller\Dispatcher\Standard.php(308): Zend_Controller_Action->dispatch('createAction')
#11 C:\xampp\htdocs\wta\WTA\source\library\Zend\Controller\Front.php(954): Zend_Controller_Dispatcher_Standard->dispatch(Object(Zend_Controller_Request_Http), Object(Zend_Controller_Response_Http))
#12 C:\xampp\htdocs\wta\WTA\source\library\Zend\Application\Bootstrap\Bootstrap.php(97): Zend_Controller_Front->dispatch()
#13 C:\xampp\htdocs\wta\WTA\source\library\Zend\Application.php(366): Zend_Application_Bootstrap_Bootstrap->run()
#14 C:\xampp\htdocs\wta\WTA\source\public\index.php(38): Zend_Application->run()
#15 {main}
2013-06-28T13:40:04-05:00 ERR (3): exception 'Zend_Mail_Protocol_Exception' with message 'Unable to find the socket transport "ssl" - did you forget to enable it when you configured PHP?' in C:\xampp\htdocs\wta\WTA\source\library\Zend\Mail\Protocol\Abstract.php:277
Stack trace:
#0 C:\xampp\htdocs\wta\WTA\source\library\Zend\Mail\Protocol\Smtp.php(167): Zend_Mail_Protocol_Abstract->_connect('ssl://smtp.gmai...')
#1 C:\xampp\htdocs\wta\WTA\source\library\Zend\Mail\Transport\Smtp.php(199): Zend_Mail_Protocol_Smtp->connect()
#2 C:\xampp\htdocs\wta\WTA\source\library\Zend\Mail\Transport\Abstract.php(348): Zend_Mail_Transport_Smtp->_sendMail()
#3 C:\xampp\htdocs\wta\WTA\source\library\Zend\Mail.php(1194): Zend_Mail_Transport_Abstract->send(Object(Zend_Mail))
#4 C:\xampp\htdocs\wta\WTA\source\library\Core\Mail.php(77): Zend_Mail->send(Object(Zend_Mail_Transport_Smtp))
#5 C:\xampp\htdocs\wta\WTA\source\application\entitys\Transaction.php(792): Core_Mail->send()
#6 C:\xampp\htdocs\wta\WTA\source\application\entitys\Transaction.php(492): Application_Entity_Transaction->sendPurchaseConfirmMail('C:\xampp\htdocs...')
#7 C:\xampp\htdocs\wta\WTA\source\application\modules\fase2\controllers\MembershipController.php(194): Application_Entity_Transaction->sendSubscription2PG(Array)
#8 C:\xampp\htdocs\wta\WTA\source\application\modules\fase2\controllers\MembershipController.php(81): Fase2_MembershipController->createMembership(Object(Application_Entity_Transaction), Array)
#9 C:\xampp\htdocs\wta\WTA\source\library\Zend\Controller\Action.php(517): Fase2_MembershipController->createAction()
#10 C:\xampp\htdocs\wta\WTA\source\library\Zend\Controller\Dispatcher\Standard.php(308): Zend_Controller_Action->dispatch('createAction')
#11 C:\xampp\htdocs\wta\WTA\source\library\Zend\Controller\Front.php(954): Zend_Controller_Dispatcher_Standard->dispatch(Object(Zend_Controller_Request_Http), Object(Zend_Controller_Response_Http))
#12 C:\xampp\htdocs\wta\WTA\source\library\Zend\Application\Bootstrap\Bootstrap.php(97): Zend_Controller_Front->dispatch()
#13 C:\xampp\htdocs\wta\WTA\source\library\Zend\Application.php(366): Zend_Application_Bootstrap_Bootstrap->run()
#14 C:\xampp\htdocs\wta\WTA\source\public\index.php(38): Zend_Application->run()
#15 {main}
2013-06-28T13:49:34-05:00 ERR (3): exception 'Zend_Mail_Protocol_Exception' with message 'Unable to find the socket transport "ssl" - did you forget to enable it when you configured PHP?' in C:\xampp\htdocs\wta\WTA\source\library\Zend\Mail\Protocol\Abstract.php:277
Stack trace:
#0 C:\xampp\htdocs\wta\WTA\source\library\Zend\Mail\Protocol\Smtp.php(167): Zend_Mail_Protocol_Abstract->_connect('ssl://smtp.gmai...')
#1 C:\xampp\htdocs\wta\WTA\source\library\Zend\Mail\Transport\Smtp.php(199): Zend_Mail_Protocol_Smtp->connect()
#2 C:\xampp\htdocs\wta\WTA\source\library\Zend\Mail\Transport\Abstract.php(348): Zend_Mail_Transport_Smtp->_sendMail()
#3 C:\xampp\htdocs\wta\WTA\source\library\Zend\Mail.php(1194): Zend_Mail_Transport_Abstract->send(Object(Zend_Mail))
#4 C:\xampp\htdocs\wta\WTA\source\library\Core\Mail.php(77): Zend_Mail->send(Object(Zend_Mail_Transport_Smtp))
#5 C:\xampp\htdocs\wta\WTA\source\application\entitys\Transaction.php(792): Core_Mail->send()
#6 C:\xampp\htdocs\wta\WTA\source\application\entitys\Transaction.php(492): Application_Entity_Transaction->sendPurchaseConfirmMail('C:\xampp\htdocs...')
#7 C:\xampp\htdocs\wta\WTA\source\application\modules\fase2\controllers\MembershipController.php(194): Application_Entity_Transaction->sendSubscription2PG(Array)
#8 C:\xampp\htdocs\wta\WTA\source\application\modules\fase2\controllers\MembershipController.php(81): Fase2_MembershipController->createMembership(Object(Application_Entity_Transaction), Array)
#9 C:\xampp\htdocs\wta\WTA\source\library\Zend\Controller\Action.php(517): Fase2_MembershipController->createAction()
#10 C:\xampp\htdocs\wta\WTA\source\library\Zend\Controller\Dispatcher\Standard.php(308): Zend_Controller_Action->dispatch('createAction')
#11 C:\xampp\htdocs\wta\WTA\source\library\Zend\Controller\Front.php(954): Zend_Controller_Dispatcher_Standard->dispatch(Object(Zend_Controller_Request_Http), Object(Zend_Controller_Response_Http))
#12 C:\xampp\htdocs\wta\WTA\source\library\Zend\Application\Bootstrap\Bootstrap.php(97): Zend_Controller_Front->dispatch()
#13 C:\xampp\htdocs\wta\WTA\source\library\Zend\Application.php(366): Zend_Application_Bootstrap_Bootstrap->run()
#14 C:\xampp\htdocs\wta\WTA\source\public\index.php(38): Zend_Application->run()
#15 {main}
2013-06-28T13:55:01-05:00 ERR (3): exception 'Zend_Mail_Protocol_Exception' with message 'Unable to find the socket transport "ssl" - did you forget to enable it when you configured PHP?' in C:\xampp\htdocs\wta\WTA\source\library\Zend\Mail\Protocol\Abstract.php:277
Stack trace:
#0 C:\xampp\htdocs\wta\WTA\source\library\Zend\Mail\Protocol\Smtp.php(167): Zend_Mail_Protocol_Abstract->_connect('ssl://smtp.gmai...')
#1 C:\xampp\htdocs\wta\WTA\source\library\Zend\Mail\Transport\Smtp.php(199): Zend_Mail_Protocol_Smtp->connect()
#2 C:\xampp\htdocs\wta\WTA\source\library\Zend\Mail\Transport\Abstract.php(348): Zend_Mail_Transport_Smtp->_sendMail()
#3 C:\xampp\htdocs\wta\WTA\source\library\Zend\Mail.php(1194): Zend_Mail_Transport_Abstract->send(Object(Zend_Mail))
#4 C:\xampp\htdocs\wta\WTA\source\library\Core\Mail.php(77): Zend_Mail->send(Object(Zend_Mail_Transport_Smtp))
#5 C:\xampp\htdocs\wta\WTA\source\application\entitys\Transaction.php(792): Core_Mail->send()
#6 C:\xampp\htdocs\wta\WTA\source\application\entitys\Transaction.php(492): Application_Entity_Transaction->sendPurchaseConfirmMail('C:\xampp\htdocs...')
#7 C:\xampp\htdocs\wta\WTA\source\application\modules\fase2\controllers\MembershipController.php(194): Application_Entity_Transaction->sendSubscription2PG(Array)
#8 C:\xampp\htdocs\wta\WTA\source\application\modules\fase2\controllers\MembershipController.php(81): Fase2_MembershipController->createMembership(Object(Application_Entity_Transaction), Array)
#9 C:\xampp\htdocs\wta\WTA\source\library\Zend\Controller\Action.php(517): Fase2_MembershipController->createAction()
#10 C:\xampp\htdocs\wta\WTA\source\library\Zend\Controller\Dispatcher\Standard.php(308): Zend_Controller_Action->dispatch('createAction')
#11 C:\xampp\htdocs\wta\WTA\source\library\Zend\Controller\Front.php(954): Zend_Controller_Dispatcher_Standard->dispatch(Object(Zend_Controller_Request_Http), Object(Zend_Controller_Response_Http))
#12 C:\xampp\htdocs\wta\WTA\source\library\Zend\Application\Bootstrap\Bootstrap.php(97): Zend_Controller_Front->dispatch()
#13 C:\xampp\htdocs\wta\WTA\source\library\Zend\Application.php(366): Zend_Application_Bootstrap_Bootstrap->run()
#14 C:\xampp\htdocs\wta\WTA\source\public\index.php(38): Zend_Application->run()
#15 {main}
2013-06-28T14:04:30-05:00 ERR (3): exception 'Zend_Mail_Protocol_Exception' with message 'Unable to find the socket transport "ssl" - did you forget to enable it when you configured PHP?' in C:\xampp\htdocs\wta\WTA\source\library\Zend\Mail\Protocol\Abstract.php:277
Stack trace:
#0 C:\xampp\htdocs\wta\WTA\source\library\Zend\Mail\Protocol\Smtp.php(167): Zend_Mail_Protocol_Abstract->_connect('ssl://smtp.gmai...')
#1 C:\xampp\htdocs\wta\WTA\source\library\Zend\Mail\Transport\Smtp.php(199): Zend_Mail_Protocol_Smtp->connect()
#2 C:\xampp\htdocs\wta\WTA\source\library\Zend\Mail\Transport\Abstract.php(348): Zend_Mail_Transport_Smtp->_sendMail()
#3 C:\xampp\htdocs\wta\WTA\source\library\Zend\Mail.php(1194): Zend_Mail_Transport_Abstract->send(Object(Zend_Mail))
#4 C:\xampp\htdocs\wta\WTA\source\library\Core\Mail.php(77): Zend_Mail->send(Object(Zend_Mail_Transport_Smtp))
#5 C:\xampp\htdocs\wta\WTA\source\application\entitys\Transaction.php(792): Core_Mail->send()
#6 C:\xampp\htdocs\wta\WTA\source\application\entitys\Transaction.php(492): Application_Entity_Transaction->sendPurchaseConfirmMail('C:\xampp\htdocs...')
#7 C:\xampp\htdocs\wta\WTA\source\application\modules\fase2\controllers\MembershipController.php(194): Application_Entity_Transaction->sendSubscription2PG(Array)
#8 C:\xampp\htdocs\wta\WTA\source\application\modules\fase2\controllers\MembershipController.php(81): Fase2_MembershipController->createMembership(Object(Application_Entity_Transaction), Array)
#9 C:\xampp\htdocs\wta\WTA\source\library\Zend\Controller\Action.php(517): Fase2_MembershipController->createAction()
#10 C:\xampp\htdocs\wta\WTA\source\library\Zend\Controller\Dispatcher\Standard.php(308): Zend_Controller_Action->dispatch('createAction')
#11 C:\xampp\htdocs\wta\WTA\source\library\Zend\Controller\Front.php(954): Zend_Controller_Dispatcher_Standard->dispatch(Object(Zend_Controller_Request_Http), Object(Zend_Controller_Response_Http))
#12 C:\xampp\htdocs\wta\WTA\source\library\Zend\Application\Bootstrap\Bootstrap.php(97): Zend_Controller_Front->dispatch()
#13 C:\xampp\htdocs\wta\WTA\source\library\Zend\Application.php(366): Zend_Application_Bootstrap_Bootstrap->run()
#14 C:\xampp\htdocs\wta\WTA\source\public\index.php(38): Zend_Application->run()
#15 {main}
2013-06-28T14:07:45-05:00 ERR (3): exception 'Zend_Mail_Protocol_Exception' with message 'Unable to find the socket transport "ssl" - did you forget to enable it when you configured PHP?' in C:\xampp\htdocs\wta\WTA\source\library\Zend\Mail\Protocol\Abstract.php:277
Stack trace:
#0 C:\xampp\htdocs\wta\WTA\source\library\Zend\Mail\Protocol\Smtp.php(167): Zend_Mail_Protocol_Abstract->_connect('ssl://smtp.gmai...')
#1 C:\xampp\htdocs\wta\WTA\source\library\Zend\Mail\Transport\Smtp.php(199): Zend_Mail_Protocol_Smtp->connect()
#2 C:\xampp\htdocs\wta\WTA\source\library\Zend\Mail\Transport\Abstract.php(348): Zend_Mail_Transport_Smtp->_sendMail()
#3 C:\xampp\htdocs\wta\WTA\source\library\Zend\Mail.php(1194): Zend_Mail_Transport_Abstract->send(Object(Zend_Mail))
#4 C:\xampp\htdocs\wta\WTA\source\library\Core\Mail.php(77): Zend_Mail->send(Object(Zend_Mail_Transport_Smtp))
#5 C:\xampp\htdocs\wta\WTA\source\application\entitys\Transaction.php(792): Core_Mail->send()
#6 C:\xampp\htdocs\wta\WTA\source\application\entitys\Transaction.php(492): Application_Entity_Transaction->sendPurchaseConfirmMail('C:\xampp\htdocs...')
#7 C:\xampp\htdocs\wta\WTA\source\application\modules\fase2\controllers\MembershipController.php(195): Application_Entity_Transaction->sendSubscription2PG(Array)
#8 C:\xampp\htdocs\wta\WTA\source\application\modules\fase2\controllers\MembershipController.php(81): Fase2_MembershipController->createMembership(Object(Application_Entity_Transaction), Array)
#9 C:\xampp\htdocs\wta\WTA\source\library\Zend\Controller\Action.php(517): Fase2_MembershipController->createAction()
#10 C:\xampp\htdocs\wta\WTA\source\library\Zend\Controller\Dispatcher\Standard.php(308): Zend_Controller_Action->dispatch('createAction')
#11 C:\xampp\htdocs\wta\WTA\source\library\Zend\Controller\Front.php(954): Zend_Controller_Dispatcher_Standard->dispatch(Object(Zend_Controller_Request_Http), Object(Zend_Controller_Response_Http))
#12 C:\xampp\htdocs\wta\WTA\source\library\Zend\Application\Bootstrap\Bootstrap.php(97): Zend_Controller_Front->dispatch()
#13 C:\xampp\htdocs\wta\WTA\source\library\Zend\Application.php(366): Zend_Application_Bootstrap_Bootstrap->run()
#14 C:\xampp\htdocs\wta\WTA\source\public\index.php(38): Zend_Application->run()
#15 {main}
2013-06-28T14:09:53-05:00 ERR (3): exception 'Zend_Mail_Protocol_Exception' with message 'Unable to find the socket transport "ssl" - did you forget to enable it when you configured PHP?' in C:\xampp\htdocs\wta\WTA\source\library\Zend\Mail\Protocol\Abstract.php:277
Stack trace:
#0 C:\xampp\htdocs\wta\WTA\source\library\Zend\Mail\Protocol\Smtp.php(167): Zend_Mail_Protocol_Abstract->_connect('ssl://smtp.gmai...')
#1 C:\xampp\htdocs\wta\WTA\source\library\Zend\Mail\Transport\Smtp.php(199): Zend_Mail_Protocol_Smtp->connect()
#2 C:\xampp\htdocs\wta\WTA\source\library\Zend\Mail\Transport\Abstract.php(348): Zend_Mail_Transport_Smtp->_sendMail()
#3 C:\xampp\htdocs\wta\WTA\source\library\Zend\Mail.php(1194): Zend_Mail_Transport_Abstract->send(Object(Zend_Mail))
#4 C:\xampp\htdocs\wta\WTA\source\library\Core\Mail.php(77): Zend_Mail->send(Object(Zend_Mail_Transport_Smtp))
#5 C:\xampp\htdocs\wta\WTA\source\application\entitys\Transaction.php(792): Core_Mail->send()
#6 C:\xampp\htdocs\wta\WTA\source\application\entitys\Transaction.php(492): Application_Entity_Transaction->sendPurchaseConfirmMail('C:\xampp\htdocs...')
#7 C:\xampp\htdocs\wta\WTA\source\application\modules\fase2\controllers\MembershipController.php(195): Application_Entity_Transaction->sendSubscription2PG(Array)
#8 C:\xampp\htdocs\wta\WTA\source\application\modules\fase2\controllers\MembershipController.php(81): Fase2_MembershipController->createMembership(Object(Application_Entity_Transaction), Array)
#9 C:\xampp\htdocs\wta\WTA\source\library\Zend\Controller\Action.php(517): Fase2_MembershipController->createAction()
#10 C:\xampp\htdocs\wta\WTA\source\library\Zend\Controller\Dispatcher\Standard.php(308): Zend_Controller_Action->dispatch('createAction')
#11 C:\xampp\htdocs\wta\WTA\source\library\Zend\Controller\Front.php(954): Zend_Controller_Dispatcher_Standard->dispatch(Object(Zend_Controller_Request_Http), Object(Zend_Controller_Response_Http))
#12 C:\xampp\htdocs\wta\WTA\source\library\Zend\Application\Bootstrap\Bootstrap.php(97): Zend_Controller_Front->dispatch()
#13 C:\xampp\htdocs\wta\WTA\source\library\Zend\Application.php(366): Zend_Application_Bootstrap_Bootstrap->run()
#14 C:\xampp\htdocs\wta\WTA\source\public\index.php(38): Zend_Application->run()
#15 {main}
2013-06-28T14:09:58-05:00 ERR (3): exception 'Zend_Mail_Protocol_Exception' with message 'Unable to find the socket transport "ssl" - did you forget to enable it when you configured PHP?' in C:\xampp\htdocs\wta\WTA\source\library\Zend\Mail\Protocol\Abstract.php:277
Stack trace:
#0 C:\xampp\htdocs\wta\WTA\source\library\Zend\Mail\Protocol\Smtp.php(167): Zend_Mail_Protocol_Abstract->_connect('ssl://smtp.gmai...')
#1 C:\xampp\htdocs\wta\WTA\source\library\Zend\Mail\Transport\Smtp.php(199): Zend_Mail_Protocol_Smtp->connect()
#2 C:\xampp\htdocs\wta\WTA\source\library\Zend\Mail\Transport\Abstract.php(348): Zend_Mail_Transport_Smtp->_sendMail()
#3 C:\xampp\htdocs\wta\WTA\source\library\Zend\Mail.php(1194): Zend_Mail_Transport_Abstract->send(Object(Zend_Mail))
#4 C:\xampp\htdocs\wta\WTA\source\library\Core\Mail.php(77): Zend_Mail->send(Object(Zend_Mail_Transport_Smtp))
#5 C:\xampp\htdocs\wta\WTA\source\application\entitys\Transaction.php(792): Core_Mail->send()
#6 C:\xampp\htdocs\wta\WTA\source\application\entitys\Transaction.php(747): Application_Entity_Transaction->sendPurchaseConfirmMail('C:\xampp\htdocs...')
#7 C:\xampp\htdocs\wta\WTA\source\application\modules\fase2\controllers\MembershipController.php(324): Application_Entity_Transaction->sendOrder2PG(Array)
#8 C:\xampp\htdocs\wta\WTA\source\application\modules\fase2\controllers\MembershipController.php(83): Fase2_MembershipController->createOrderProducts(Object(Application_Entity_Transaction), Array)
#9 C:\xampp\htdocs\wta\WTA\source\library\Zend\Controller\Action.php(517): Fase2_MembershipController->createAction()
#10 C:\xampp\htdocs\wta\WTA\source\library\Zend\Controller\Dispatcher\Standard.php(308): Zend_Controller_Action->dispatch('createAction')
#11 C:\xampp\htdocs\wta\WTA\source\library\Zend\Controller\Front.php(954): Zend_Controller_Dispatcher_Standard->dispatch(Object(Zend_Controller_Request_Http), Object(Zend_Controller_Response_Http))
#12 C:\xampp\htdocs\wta\WTA\source\library\Zend\Application\Bootstrap\Bootstrap.php(97): Zend_Controller_Front->dispatch()
#13 C:\xampp\htdocs\wta\WTA\source\library\Zend\Application.php(366): Zend_Application_Bootstrap_Bootstrap->run()
#14 C:\xampp\htdocs\wta\WTA\source\public\index.php(38): Zend_Application->run()
#15 {main}
2013-06-28T14:13:01-05:00 ERR (3): exception 'Zend_Mail_Protocol_Exception' with message 'Unable to find the socket transport "ssl" - did you forget to enable it when you configured PHP?' in C:\xampp\htdocs\wta\WTA\source\library\Zend\Mail\Protocol\Abstract.php:277
Stack trace:
#0 C:\xampp\htdocs\wta\WTA\source\library\Zend\Mail\Protocol\Smtp.php(167): Zend_Mail_Protocol_Abstract->_connect('ssl://smtp.gmai...')
#1 C:\xampp\htdocs\wta\WTA\source\library\Zend\Mail\Transport\Smtp.php(199): Zend_Mail_Protocol_Smtp->connect()
#2 C:\xampp\htdocs\wta\WTA\source\library\Zend\Mail\Transport\Abstract.php(348): Zend_Mail_Transport_Smtp->_sendMail()
#3 C:\xampp\htdocs\wta\WTA\source\library\Zend\Mail.php(1194): Zend_Mail_Transport_Abstract->send(Object(Zend_Mail))
#4 C:\xampp\htdocs\wta\WTA\source\library\Core\Mail.php(77): Zend_Mail->send(Object(Zend_Mail_Transport_Smtp))
#5 C:\xampp\htdocs\wta\WTA\source\application\entitys\Transaction.php(792): Core_Mail->send()
#6 C:\xampp\htdocs\wta\WTA\source\application\entitys\Transaction.php(747): Application_Entity_Transaction->sendPurchaseConfirmMail('C:\xampp\htdocs...')
#7 C:\xampp\htdocs\wta\WTA\source\application\modules\fase2\controllers\MembershipController.php(324): Application_Entity_Transaction->sendOrder2PG(Array)
#8 C:\xampp\htdocs\wta\WTA\source\application\modules\fase2\controllers\MembershipController.php(87): Fase2_MembershipController->createOrderProducts(Object(Application_Entity_Transaction), Array)
#9 C:\xampp\htdocs\wta\WTA\source\library\Zend\Controller\Action.php(517): Fase2_MembershipController->createAction()
#10 C:\xampp\htdocs\wta\WTA\source\library\Zend\Controller\Dispatcher\Standard.php(308): Zend_Controller_Action->dispatch('createAction')
#11 C:\xampp\htdocs\wta\WTA\source\library\Zend\Controller\Front.php(954): Zend_Controller_Dispatcher_Standard->dispatch(Object(Zend_Controller_Request_Http), Object(Zend_Controller_Response_Http))
#12 C:\xampp\htdocs\wta\WTA\source\library\Zend\Application\Bootstrap\Bootstrap.php(97): Zend_Controller_Front->dispatch()
#13 C:\xampp\htdocs\wta\WTA\source\library\Zend\Application.php(366): Zend_Application_Bootstrap_Bootstrap->run()
#14 C:\xampp\htdocs\wta\WTA\source\public\index.php(38): Zend_Application->run()
#15 {main}
2013-06-28T14:15:16-05:00 ERR (3): exception 'Zend_Mail_Protocol_Exception' with message 'Unable to find the socket transport "ssl" - did you forget to enable it when you configured PHP?' in C:\xampp\htdocs\wta\WTA\source\library\Zend\Mail\Protocol\Abstract.php:277
Stack trace:
#0 C:\xampp\htdocs\wta\WTA\source\library\Zend\Mail\Protocol\Smtp.php(167): Zend_Mail_Protocol_Abstract->_connect('ssl://smtp.gmai...')
#1 C:\xampp\htdocs\wta\WTA\source\library\Zend\Mail\Transport\Smtp.php(199): Zend_Mail_Protocol_Smtp->connect()
#2 C:\xampp\htdocs\wta\WTA\source\library\Zend\Mail\Transport\Abstract.php(348): Zend_Mail_Transport_Smtp->_sendMail()
#3 C:\xampp\htdocs\wta\WTA\source\library\Zend\Mail.php(1194): Zend_Mail_Transport_Abstract->send(Object(Zend_Mail))
#4 C:\xampp\htdocs\wta\WTA\source\library\Core\Mail.php(77): Zend_Mail->send(Object(Zend_Mail_Transport_Smtp))
#5 C:\xampp\htdocs\wta\WTA\source\application\entitys\Transaction.php(792): Core_Mail->send()
#6 C:\xampp\htdocs\wta\WTA\source\application\entitys\Transaction.php(747): Application_Entity_Transaction->sendPurchaseConfirmMail('C:\xampp\htdocs...')
#7 C:\xampp\htdocs\wta\WTA\source\application\modules\fase2\controllers\MembershipController.php(324): Application_Entity_Transaction->sendOrder2PG(Array)
#8 C:\xampp\htdocs\wta\WTA\source\application\modules\fase2\controllers\MembershipController.php(87): Fase2_MembershipController->createOrderProducts(Object(Application_Entity_Transaction), Array)
#9 C:\xampp\htdocs\wta\WTA\source\library\Zend\Controller\Action.php(517): Fase2_MembershipController->createAction()
#10 C:\xampp\htdocs\wta\WTA\source\library\Zend\Controller\Dispatcher\Standard.php(308): Zend_Controller_Action->dispatch('createAction')
#11 C:\xampp\htdocs\wta\WTA\source\library\Zend\Controller\Front.php(954): Zend_Controller_Dispatcher_Standard->dispatch(Object(Zend_Controller_Request_Http), Object(Zend_Controller_Response_Http))
#12 C:\xampp\htdocs\wta\WTA\source\library\Zend\Application\Bootstrap\Bootstrap.php(97): Zend_Controller_Front->dispatch()
#13 C:\xampp\htdocs\wta\WTA\source\library\Zend\Application.php(366): Zend_Application_Bootstrap_Bootstrap->run()
#14 C:\xampp\htdocs\wta\WTA\source\public\index.php(38): Zend_Application->run()
#15 {main}
2013-06-28T14:22:39-05:00 ERR (3): exception 'Zend_Mail_Protocol_Exception' with message 'Unable to find the socket transport "ssl" - did you forget to enable it when you configured PHP?' in C:\xampp\htdocs\wta\WTA\source\library\Zend\Mail\Protocol\Abstract.php:277
Stack trace:
#0 C:\xampp\htdocs\wta\WTA\source\library\Zend\Mail\Protocol\Smtp.php(167): Zend_Mail_Protocol_Abstract->_connect('ssl://smtp.gmai...')
#1 C:\xampp\htdocs\wta\WTA\source\library\Zend\Mail\Transport\Smtp.php(199): Zend_Mail_Protocol_Smtp->connect()
#2 C:\xampp\htdocs\wta\WTA\source\library\Zend\Mail\Transport\Abstract.php(348): Zend_Mail_Transport_Smtp->_sendMail()
#3 C:\xampp\htdocs\wta\WTA\source\library\Zend\Mail.php(1194): Zend_Mail_Transport_Abstract->send(Object(Zend_Mail))
#4 C:\xampp\htdocs\wta\WTA\source\library\Core\Mail.php(77): Zend_Mail->send(Object(Zend_Mail_Transport_Smtp))
#5 C:\xampp\htdocs\wta\WTA\source\application\entitys\Transaction.php(792): Core_Mail->send()
#6 C:\xampp\htdocs\wta\WTA\source\application\entitys\Transaction.php(747): Application_Entity_Transaction->sendPurchaseConfirmMail('C:\xampp\htdocs...')
#7 C:\xampp\htdocs\wta\WTA\source\application\modules\fase2\controllers\MembershipController.php(324): Application_Entity_Transaction->sendOrder2PG(Array)
#8 C:\xampp\htdocs\wta\WTA\source\application\modules\fase2\controllers\MembershipController.php(87): Fase2_MembershipController->createOrderProducts(Object(Application_Entity_Transaction), Array)
#9 C:\xampp\htdocs\wta\WTA\source\library\Zend\Controller\Action.php(517): Fase2_MembershipController->createAction()
#10 C:\xampp\htdocs\wta\WTA\source\library\Zend\Controller\Dispatcher\Standard.php(308): Zend_Controller_Action->dispatch('createAction')
#11 C:\xampp\htdocs\wta\WTA\source\library\Zend\Controller\Front.php(954): Zend_Controller_Dispatcher_Standard->dispatch(Object(Zend_Controller_Request_Http), Object(Zend_Controller_Response_Http))
#12 C:\xampp\htdocs\wta\WTA\source\library\Zend\Application\Bootstrap\Bootstrap.php(97): Zend_Controller_Front->dispatch()
#13 C:\xampp\htdocs\wta\WTA\source\library\Zend\Application.php(366): Zend_Application_Bootstrap_Bootstrap->run()
#14 C:\xampp\htdocs\wta\WTA\source\public\index.php(38): Zend_Application->run()
#15 {main}
2013-06-28T14:30:14-05:00 ERR (3): exception 'Zend_Mail_Protocol_Exception' with message 'Unable to find the socket transport "ssl" - did you forget to enable it when you configured PHP?' in C:\xampp\htdocs\wta\WTA\source\library\Zend\Mail\Protocol\Abstract.php:277
Stack trace:
#0 C:\xampp\htdocs\wta\WTA\source\library\Zend\Mail\Protocol\Smtp.php(167): Zend_Mail_Protocol_Abstract->_connect('ssl://smtp.gmai...')
#1 C:\xampp\htdocs\wta\WTA\source\library\Zend\Mail\Transport\Smtp.php(199): Zend_Mail_Protocol_Smtp->connect()
#2 C:\xampp\htdocs\wta\WTA\source\library\Zend\Mail\Transport\Abstract.php(348): Zend_Mail_Transport_Smtp->_sendMail()
#3 C:\xampp\htdocs\wta\WTA\source\library\Zend\Mail.php(1194): Zend_Mail_Transport_Abstract->send(Object(Zend_Mail))
#4 C:\xampp\htdocs\wta\WTA\source\library\Core\Mail.php(77): Zend_Mail->send(Object(Zend_Mail_Transport_Smtp))
#5 C:\xampp\htdocs\wta\WTA\source\application\entitys\Transaction.php(792): Core_Mail->send()
#6 C:\xampp\htdocs\wta\WTA\source\application\entitys\Transaction.php(747): Application_Entity_Transaction->sendPurchaseConfirmMail('C:\xampp\htdocs...')
#7 C:\xampp\htdocs\wta\WTA\source\application\modules\fase2\controllers\MembershipController.php(324): Application_Entity_Transaction->sendOrder2PG(Array)
#8 C:\xampp\htdocs\wta\WTA\source\application\modules\fase2\controllers\MembershipController.php(87): Fase2_MembershipController->createOrderProducts(Object(Application_Entity_Transaction), Array)
#9 C:\xampp\htdocs\wta\WTA\source\library\Zend\Controller\Action.php(517): Fase2_MembershipController->createAction()
#10 C:\xampp\htdocs\wta\WTA\source\library\Zend\Controller\Dispatcher\Standard.php(308): Zend_Controller_Action->dispatch('createAction')
#11 C:\xampp\htdocs\wta\WTA\source\library\Zend\Controller\Front.php(954): Zend_Controller_Dispatcher_Standard->dispatch(Object(Zend_Controller_Request_Http), Object(Zend_Controller_Response_Http))
#12 C:\xampp\htdocs\wta\WTA\source\library\Zend\Application\Bootstrap\Bootstrap.php(97): Zend_Controller_Front->dispatch()
#13 C:\xampp\htdocs\wta\WTA\source\library\Zend\Application.php(366): Zend_Application_Bootstrap_Bootstrap->run()
#14 C:\xampp\htdocs\wta\WTA\source\public\index.php(38): Zend_Application->run()
#15 {main}
